0.01257 0.00010 0.02009 0.00955
0.01313 0.00011 0.02054 0.00977
0.01355 0.00011 0.02090 0.00994
0.01382 0.00011 0.02117 0.01005
0.01396 0.00011 0.02139 0.01013
0.01395 0.00011 0.02154 0.01017
0.01381 0.00011 0.02163 0.01017
0.01349 0.00011 0.02160 0.01010
0.01306 0.00010 0.02047 0.00974
0.01361 0.00011 0.02090 0.00994
0.01403 0.00011 0.02126 0.01010
0.01431 0.00011 0.02154 0.01022
0.01446 0.00012 0.02176 0.01030
0.01448 0.00012 0.02195 0.01036
0.01435 0.00012 0.02205 0.01037
0.01407 0.00011 0.02208 0.01033
0.01337 0.00011 0.02075 0.00986
0.01391 0.00011 0.02118 0.01007
0.01432 0.00011 0.02153 0.01022
0.01460 0.00012 0.02181 0.01034
0.01476 0.00012 0.02206 0.01043
0.01480 0.00012 0.02226 0.01049
0.01470 0.00012 0.02240 0.01052
0.01444 0.00012 0.02245 0.01049
0.01356 0.00011 0.02103 0.00997
0.01407 0.00011 0.02142 0.01015
0.01446 0.00012 0.02176 0.01031
0.01475 0.00012 0.02206 0.01043
0.01492 0.00012 0.02232 0.01053
0.01496 0.00012 0.02252 0.01060
0.01488 0.00012 0.02268 0.01063
0.01466 0.00012 0.02277 0.01062
0.01364 0.00011 0.02129 0.01006
0.01412 0.00011 0.02166 0.01023
0.01449 0.00012 0.02199 0.01038
0.01478 0.00012 0.02229 0.01051
0.01496 0.00012 0.02256 0.01062
0.01501 0.00012 0.02278 0.01069
0.01494 0.00012 0.02295 0.01072
0.01475 0.00012 0.02306 0.01073
0.01359 0.00011 0.02149 0.01011
0.01404 0.00011 0.02184 0.01027
0.01440 0.00012 0.02216 0.01042
0.01469 0.00012 0.02248 0.01055
0.01487 0.00012 0.02275 0.01066
0.01492 0.00012 0.02297 0.01073
0.01486 0.00012 0.02314 0.01077
0.01470 0.00012 0.02328 0.01079
0.01341 0.00011 0.02161 0.01011
0.01382 0.00011 0.02193 0.01026
0.01417 0.00011 0.02226 0.01041
0.01445 0.00012 0.02259 0.01055
0.01463 0.00012 0.02286 0.01066
0.01469 0.00012 0.02308 0.01073
0.01463 0.00012 0.02324 0.01077
0.01450 0.00012 0.02340 0.01080
0.01310 0.00011 0.02164 0.01006
0.01350 0.00011 0.02197 0.01022
0.01384 0.00011 0.02230 0.01036
0.01411 0.00011 0.02262 0.01050
0.01427 0.00012 0.02288 0.01060
0.01432 0.00012 0.02309 0.01067
0.01429 0.00012 0.02328 0.01072
0.01418 0.00012 0.02345 0.01076
